<?xml version="1.0" encoding="UTF-8"?>
<!-- Generated by org.testng.reporters.JUnitReportReporter -->
<testsuite hostname="DESKTOP-KJ2AQ4I" failures="0" tests="1" name="makemytrip.holiday" time="171.480" errors="0" timestamp="12 Nov 2022 08:11:58 GMT">
  <testcase classname="makemytrip.holiday" name="test" time="171.480"/>
</testsuite> <!-- makemytrip.holiday -->
