<?xml version="1.0" encoding="UTF-8"?>
<!-- Generated by org.testng.reporters.JUnitReportReporter -->
<testsuite hostname="DESKTOP-KJ2AQ4I" failures="0" tests="1" name="makemytrip.holiday" time="170.147" errors="0" timestamp="12 Nov 2022 07:55:48 GMT">
  <testcase classname="makemytrip.holiday" name="test" time="170.147"/>
</testsuite> <!-- makemytrip.holiday -->
